<?xml version="1.0" encoding="UTF-8"?>
<testng-results skipped="0" failed="0" ignored="0" total="2" passed="2">
  <reporter-output>
  </reporter-output>
  <suite name="Suite" duration-ms="65218" started-at="2018-04-07T07:15:31Z" finished-at="2018-04-07T07:16:36Z">
    <groups>
    </groups>
    <test name="Test" duration-ms="65218" started-at="2018-04-07T07:15:31Z" finished-at="2018-04-07T07:16:36Z">
      <class name="parameters.TC001_CreateLeadExcel">
        <test-method status="PASS" signature="loginleaf(java.lang.String, java.lang.String, java.lang.String)[pri:0, instance:parameters.TC001_CreateLeadExcel@17b4f4c]" name="loginleaf" is-config="true" duration-ms="16401" started-at="2018-04-07T07:15:32Z" finished-at="2018-04-07T07:15:48Z">
          <params>
            <param index="0">
              <value>
                <![CDATA[http://leaftaps.com/opentaps/control/main]]>
              </value>
            </param>
            <param index="1">
              <value>
                <![CDATA[DemoSalesManager]]>
              </value>
            </param>
            <param index="2">
              <value>
                <![CDATA[crmsfa]]>
              </value>
            </param>
          </params>
          <reporter-output>
          </reporter-output>
        </test-method> <!-- loginleaf -->
        <test-method status="PASS" signature="createLead(java.lang.String, java.lang.String, java.lang.String, java.lang.String, java.lang.String)[pri:0, instance:parameters.TC001_CreateLeadExcel@17b4f4c]" name="createLead" duration-ms="11497" started-at="2018-04-07T07:15:48Z" data-provider="inputdata" finished-at="2018-04-07T07:16:00Z">
          <params>
            <param index="0">
              <value>
                <![CDATA[Axxenture]]>
              </value>
            </param>
            <param index="1">
              <value>
                <![CDATA[Raghusandeep]]>
              </value>
            </param>
            <param index="2">
              <value>
                <![CDATA[Shetty]]>
              </value>
            </param>
            <param index="3">
              <value>
                <![CDATA[Employee]]>
              </value>
            </param>
            <param index="4">
              <value>
                <![CDATA[7]]>
              </value>
            </param>
          </params>
          <reporter-output>
          </reporter-output>
        </test-method> <!-- createLead -->
        <test-method status="PASS" signature="closeleaf()[pri:0, instance:parameters.TC001_CreateLeadExcel@17b4f4c]" name="closeleaf" is-config="true" duration-ms="2332" started-at="2018-04-07T07:16:00Z" finished-at="2018-04-07T07:16:02Z">
          <reporter-output>
          </reporter-output>
        </test-method> <!-- closeleaf -->
        <test-method status="PASS" signature="loginleaf(java.lang.String, java.lang.String, java.lang.String)[pri:0, instance:parameters.TC001_CreateLeadExcel@17b4f4c]" name="loginleaf" is-config="true" duration-ms="20662" started-at="2018-04-07T07:16:02Z" finished-at="2018-04-07T07:16:23Z">
          <params>
            <param index="0">
              <value>
                <![CDATA[http://leaftaps.com/opentaps/control/main]]>
              </value>
            </param>
            <param index="1">
              <value>
                <![CDATA[DemoSalesManager]]>
              </value>
            </param>
            <param index="2">
              <value>
                <![CDATA[crmsfa]]>
              </value>
            </param>
          </params>
          <reporter-output>
          </reporter-output>
        </test-method> <!-- loginleaf -->
        <test-method status="PASS" signature="createLead(java.lang.String, java.lang.String, java.lang.String, java.lang.String, java.lang.String)[pri:0, instance:parameters.TC001_CreateLeadExcel@17b4f4c]" name="createLead" duration-ms="11054" started-at="2018-04-07T07:16:23Z" data-provider="inputdata" finished-at="2018-04-07T07:16:34Z">
          <params>
            <param index="0">
              <value>
                <![CDATA[Axxenture]]>
              </value>
            </param>
            <param index="1">
              <value>
                <![CDATA[Musavir]]>
              </value>
            </param>
            <param index="2">
              <value>
                <![CDATA[Syed]]>
              </value>
            </param>
            <param index="3">
              <value>
                <![CDATA[Employee]]>
              </value>
            </param>
            <param index="4">
              <value>
                <![CDATA[6]]>
              </value>
            </param>
          </params>
          <reporter-output>
          </reporter-output>
        </test-method> <!-- createLead -->
        <test-method status="PASS" signature="closeleaf()[pri:0, instance:parameters.TC001_CreateLeadExcel@17b4f4c]" name="closeleaf" is-config="true" duration-ms="2325" started-at="2018-04-07T07:16:34Z" finished-at="2018-04-07T07:16:36Z">
          <reporter-output>
          </reporter-output>
        </test-method> <!-- closeleaf -->
      </class> <!-- parameters.TC001_CreateLeadExcel -->
    </test> <!-- Test -->
  </suite> <!-- Suite -->
</testng-results>
